<?xml version="1.0" encoding="UTF-8"?>
<test-data>
    <data-node id="HomePage">
	    <data key="userName" value="admin" />
	    <data key="password" value="admin" />
	</data-node>
</test-data>
